# JRE version: Java(TM) SE Runtime Environment (8.0_171-b11) (build 1.8.0_171-b11)
# Java VM: Java HotSpot(TM) 64-Bit Server VM (25.171-b11 mixed mode windows-amd64 compressed oops)
Heap:
 PSYoungGen      total 16384K, used 14630K [0x00000000eb300000, 0x00000000ec400000, 0x0000000100000000)
  eden space 15872K, 90% used [0x00000000eb300000,0x00000000ec0f9940,0x00000000ec280000)
  from space 512K, 62% used [0x00000000ec380000,0x00000000ec3d0000,0x00000000ec400000)
  to   space 512K, 0% used [0x00000000ec300000,0x00000000ec300000,0x00000000ec380000)
 ParOldGen       total 44032K, used 5750K [0x00000000c1800000, 0x00000000c4300000, 0x00000000eb300000)
  object space 44032K, 13% used [0x00000000c1800000,0x00000000c1d9dba8,0x00000000c4300000)
 Metaspace       used 7348K, capacity 7587K, committed 7680K, reserved 1056768K
  class space    used 679K, capacity 688K, committed 768K, reserved 1048576K
GC Heap History (10 events):
Event: 2330.752 GC heap before
{Heap before GC invocations=64 (full 0):
 PSYoungGen      total 16384K, used 16256K [0x00000000eb300000, 0x00000000ec400000, 0x0000000100000000)
  eden space 15872K, 100% used [0x00000000eb300000,0x00000000ec280000,0x00000000ec280000)
  from space 512K, 75% used [0x00000000ec300000,0x00000000ec360000,0x00000000ec380000)
  to   space 512K, 0% used [0x00000000ec380000,0x00000000ec380000,0x00000000ec400000)
 ParOldGen       total 44032K, used 5446K [0x00000000c1800000, 0x00000000c4300000, 0x00000000eb300000)
  object space 44032K, 12% used [0x00000000c1800000,0x00000000c1d51ba8,0x00000000c4300000)
 Metaspace       used 7348K, capacity 7587K, committed 7680K, reserved 1056768K
  class space    used 679K, capacity 688K, committed 768K, reserved 1048576K
Event: 2330.771 GC heap after
Heap after GC invocations=64 (full 0):
 PSYoungGen      total 16384K, used 352K [0x00000000eb300000, 0x00000000ec400000, 0x0000000100000000)
  eden space 15872K, 0% used [0x00000000eb300000,0x00000000eb300000,0x00000000ec280000)
  from space 512K, 68% used [0x00000000ec380000,0x00000000ec3d8000,0x00000000ec400000)
  to   space 512K, 0% used [0x00000000ec300000,0x00000000ec300000,0x00000000ec380000)
 ParOldGen       total 44032K, used 5502K [0x00000000c1800000, 0x00000000c4300000, 0x00000000eb300000)
  object space 44032K, 12% used [0x00000000c1800000,0x00000000c1d5fba8,0x00000000c4300000)
 Metaspace       used 7348K, capacity 7587K, committed 7680K, reserved 1056768K
  class space    used 679K, capacity 688K, committed 768K, reserved 1048576K
}
Event: 2339.791 GC heap before
{Heap before GC invocations=65 (full 0):
 PSYoungGen      total 16384K, used 16224K [0x00000000eb300000, 0x00000000ec400000, 0x0000000100000000)
  eden space 15872K, 100% used [0x00000000eb300000,0x00000000ec280000,0x00000000ec280000)
  from space 512K, 68% used [0x00000000ec380000,0x00000000ec3d8000,0x00000000ec400000)
  to   space 512K, 0% used [0x00000000ec300000,0x00000000ec300000,0x00000000ec380000)
 ParOldGen       total 44032K, used 5502K [0x00000000c1800000, 0x00000000c4300000, 0x00000000eb300000)
  object space 44032K, 12% used [0x00000000c1800000,0x00000000c1d5fba8,0x00000000c4300000)
 Metaspace       used 7348K, capacity 7587K, committed 7680K, reserved 1056768K
  class space    used 679K, capacity 688K, committed 768K, reserved 1048576K
Event: 2339.822 GC heap after
Heap after GC invocations=65 (full 0):
 PSYoungGen      total 16384K, used 352K [0x00000000eb300000, 0x00000000ec400000, 0x0000000100000000)
  eden space 15872K, 0% used [0x00000000eb300000,0x00000000eb300000,0x00000000ec280000)
  from space 512K, 68% used [0x00000000ec300000,0x00000000ec358000,0x00000000ec380000)
  to   space 512K, 0% used [0x00000000ec380000,0x00000000ec380000,0x00000000ec400000)
 ParOldGen       total 44032K, used 5566K [0x00000000c1800000, 0x00000000c4300000, 0x00000000eb300000)
  object space 44032K, 12% used [0x00000000c1800000,0x00000000c1d6fba8,0x00000000c4300000)
 Metaspace       used 7348K, capacity 7587K, committed 7680K, reserved 1056768K
  class space    used 679K, capacity 688K, committed 768K, reserved 1048576K
}
Event: 2349.295 GC heap before
{Heap before GC invocations=66 (full 0):
 PSYoungGen      total 16384K, used 16224K [0x00000000eb300000, 0x00000000ec400000, 0x0000000100000000)
  eden space 15872K, 100% used [0x00000000eb300000,0x00000000ec280000,0x00000000ec280000)
  from space 512K, 68% used [0x00000000ec300000,0x00000000ec358000,0x00000000ec380000)
  to   space 512K, 0% used [0x00000000ec380000,0x00000000ec380000,0x00000000ec400000)
 ParOldGen       total 44032K, used 5566K [0x00000000c1800000, 0x00000000c4300000, 0x00000000eb300000)
  object space 44032K, 12% used [0x00000000c1800000,0x00000000c1d6fba8,0x00000000c4300000)
 Metaspace       used 7348K, capacity 7587K, committed 7680K, reserved 1056768K
  class space    used 679K, capacity 688K, committed 768K, reserved 1048576K
Event: 2349.330 GC heap after
Heap after GC invocations=66 (full 0):
 PSYoungGen      total 16384K, used 352K [0x00000000eb300000, 0x00000000ec400000, 0x0000000100000000)
  eden space 15872K, 0% used [0x00000000eb300000,0x00000000eb300000,0x00000000ec280000)
  from space 512K, 68% used [0x00000000ec380000,0x00000000ec3d8000,0x00000000ec400000)
  to   space 512K, 0% used [0x00000000ec300000,0x00000000ec300000,0x00000000ec380000)
 ParOldGen       total 44032K, used 5638K [0x00000000c1800000, 0x00000000c4300000, 0x00000000eb300000)
  object space 44032K, 12% used [0x00000000c1800000,0x00000000c1d81ba8,0x00000000c4300000)
 Metaspace       used 7348K, capacity 7587K, committed 7680K, reserved 1056768K
  class space    used 679K, capacity 688K, committed 768K, reserved 1048576K
}
Event: 2358.773 GC heap before
{Heap before GC invocations=67 (full 0):
 PSYoungGen      total 16384K, used 16224K [0x00000000eb300000, 0x00000000ec400000, 0x0000000100000000)
  eden space 15872K, 100% used [0x00000000eb300000,0x00000000ec280000,0x00000000ec280000)
  from space 512K, 68% used [0x00000000ec380000,0x00000000ec3d8000,0x00000000ec400000)
  to   space 512K, 0% used [0x00000000ec300000,0x00000000ec300000,0x00000000ec380000)
 ParOldGen       total 44032K, used 5638K [0x00000000c1800000, 0x00000000c4300000, 0x00000000eb300000)
  object space 44032K, 12% used [0x00000000c1800000,0x00000000c1d81ba8,0x00000000c4300000)
 Metaspace       used 7348K, capacity 7587K, committed 7680K, reserved 1056768K
  class space    used 679K, capacity 688K, committed 768K, reserved 1048576K
Event: 2358.907 GC heap after
Heap after GC invocations=67 (full 0):
 PSYoungGen      total 16384K, used 352K [0x00000000eb300000, 0x00000000ec400000, 0x0000000100000000)
  eden space 15872K, 0% used [0x00000000eb300000,0x00000000eb300000,0x00000000ec280000)
  from space 512K, 68% used [0x00000000ec300000,0x00000000ec358000,0x00000000ec380000)
  to   space 512K, 0% used [0x00000000ec380000,0x00000000ec380000,0x00000000ec400000)
 ParOldGen       total 44032K, used 5694K [0x00000000c1800000, 0x00000000c4300000, 0x00000000eb300000)
  object space 44032K, 12% used [0x00000000c1800000,0x00000000c1d8fba8,0x00000000c4300000)
 Metaspace       used 7348K, capacity 7587K, committed 7680K, reserved 1056768K
  class space    used 679K, capacity 688K, committed 768K, reserved 1048576K
}
Event: 2367.268 GC heap before
{Heap before GC invocations=68 (full 0):
 PSYoungGen      total 16384K, used 16224K [0x00000000eb300000, 0x00000000ec400000, 0x0000000100000000)
  eden space 15872K, 100% used [0x00000000eb300000,0x00000000ec280000,0x00000000ec280000)
  from space 512K, 68% used [0x00000000ec300000,0x00000000ec358000,0x00000000ec380000)
  to   space 512K, 0% used [0x00000000ec380000,0x00000000ec380000,0x00000000ec400000)
 ParOldGen       total 44032K, used 5694K [0x00000000c1800000, 0x00000000c4300000, 0x00000000eb300000)
  object space 44032K, 12% used [0x00000000c1800000,0x00000000c1d8fba8,0x00000000c4300000)
 Metaspace       used 7348K, capacity 7587K, committed 7680K, reserved 1056768K
  class space    used 679K, capacity 688K, committed 768K, reserved 1048576K
Event: 2367.275 GC heap after
Heap after GC invocations=68 (full 0):
 PSYoungGen      total 16384K, used 320K [0x00000000eb300000, 0x00000000ec400000, 0x0000000100000000)
  eden space 15872K, 0% used [0x00000000eb300000,0x00000000eb300000,0x00000000ec280000)
  from space 512K, 62% used [0x00000000ec380000,0x00000000ec3d0000,0x00000000ec400000)
  to   space 512K, 0% used [0x00000000ec300000,0x00000000ec300000,0x00000000ec380000)
 ParOldGen       total 44032K, used 5750K [0x00000000c1800000, 0x00000000c4300000, 0x00000000eb300000)
  object space 44032K, 13% used [0x00000000c1800000,0x00000000c1d9dba8,0x00000000c4300000)
 Metaspace       used 7348K, capacity 7587K, committed 7680K, reserved 1056768K
  class space    used 679K, capacity 688K, committed 768K, reserved 1048576K
}

