# JRE version: Java(TM) SE Runtime Environment (8.0_171-b11) (build 1.8.0_171-b11)
# Java VM: Java HotSpot(TM) 64-Bit Server VM (25.171-b11 mixed mode windows-amd64 compressed oops)
Heap:
 PSYoungGen      total 16896K, used 7801K [0x00000000eb300000, 0x00000000ec480000, 0x0000000100000000)
  eden space 16384K, 45% used [0x00000000eb300000,0x00000000eba3e570,0x00000000ec300000)
  from space 512K, 75% used [0x00000000ec400000,0x00000000ec460000,0x00000000ec480000)
  to   space 512K, 0% used [0x00000000ec380000,0x00000000ec380000,0x00000000ec400000)
 ParOldGen       total 44032K, used 8447K [0x00000000c1800000, 0x00000000c4300000, 0x00000000eb300000)
  object space 44032K, 19% used [0x00000000c1800000,0x00000000c203ff30,0x00000000c4300000)
 Metaspace       used 7336K, capacity 7523K, committed 7680K, reserved 1056768K
  class space    used 679K, capacity 688K, committed 768K, reserved 1048576K
GC Heap History (10 events):
Event: 700.135 GC heap before
{Heap before GC invocations=104 (full 0):
 PSYoungGen      total 16896K, used 16704K [0x00000000eb300000, 0x00000000ec480000, 0x0000000100000000)
  eden space 16384K, 100% used [0x00000000eb300000,0x00000000ec300000,0x00000000ec300000)
  from space 512K, 62% used [0x00000000ec380000,0x00000000ec3d0000,0x00000000ec400000)
  to   space 512K, 0% used [0x00000000ec400000,0x00000000ec400000,0x00000000ec480000)
 ParOldGen       total 44032K, used 8143K [0x00000000c1800000, 0x00000000c4300000, 0x00000000eb300000)
  object space 44032K, 18% used [0x00000000c1800000,0x00000000c1ff3f30,0x00000000c4300000)
 Metaspace       used 7336K, capacity 7523K, committed 7680K, reserved 1056768K
  class space    used 679K, capacity 688K, committed 768K, reserved 1048576K
Event: 700.141 GC heap after
Heap after GC invocations=104 (full 0):
 PSYoungGen      total 16896K, used 371K [0x00000000eb300000, 0x00000000ec480000, 0x0000000100000000)
  eden space 16384K, 0% used [0x00000000eb300000,0x00000000eb300000,0x00000000ec300000)
  from space 512K, 72% used [0x00000000ec400000,0x00000000ec45cda8,0x00000000ec480000)
  to   space 512K, 0% used [0x00000000ec380000,0x00000000ec380000,0x00000000ec400000)
 ParOldGen       total 44032K, used 8207K [0x00000000c1800000, 0x00000000c4300000, 0x00000000eb300000)
  object space 44032K, 18% used [0x00000000c1800000,0x00000000c2003f30,0x00000000c4300000)
 Metaspace       used 7336K, capacity 7523K, committed 7680K, reserved 1056768K
  class space    used 679K, capacity 688K, committed 768K, reserved 1048576K
}
Event: 706.550 GC heap before
{Heap before GC invocations=105 (full 0):
 PSYoungGen      total 16896K, used 16755K [0x00000000eb300000, 0x00000000ec480000, 0x0000000100000000)
  eden space 16384K, 100% used [0x00000000eb300000,0x00000000ec300000,0x00000000ec300000)
  from space 512K, 72% used [0x00000000ec400000,0x00000000ec45cda8,0x00000000ec480000)
  to   space 512K, 0% used [0x00000000ec380000,0x00000000ec380000,0x00000000ec400000)
 ParOldGen       total 44032K, used 8207K [0x00000000c1800000, 0x00000000c4300000, 0x00000000eb300000)
  object space 44032K, 18% used [0x00000000c1800000,0x00000000c2003f30,0x00000000c4300000)
 Metaspace       used 7336K, capacity 7523K, committed 7680K, reserved 1056768K
  class space    used 679K, capacity 688K, committed 768K, reserved 1048576K
Event: 706.554 GC heap after
Heap after GC invocations=105 (full 0):
 PSYoungGen      total 16896K, used 352K [0x00000000eb300000, 0x00000000ec480000, 0x0000000100000000)
  eden space 16384K, 0% used [0x00000000eb300000,0x00000000eb300000,0x00000000ec300000)
  from space 512K, 68% used [0x00000000ec380000,0x00000000ec3d8000,0x00000000ec400000)
  to   space 512K, 0% used [0x00000000ec400000,0x00000000ec400000,0x00000000ec480000)
 ParOldGen       total 44032K, used 8271K [0x00000000c1800000, 0x00000000c4300000, 0x00000000eb300000)
  object space 44032K, 18% used [0x00000000c1800000,0x00000000c2013f30,0x00000000c4300000)
 Metaspace       used 7336K, capacity 7523K, committed 7680K, reserved 1056768K
  class space    used 679K, capacity 688K, committed 768K, reserved 1048576K
}
Event: 712.217 GC heap before
{Heap before GC invocations=106 (full 0):
 PSYoungGen      total 16896K, used 16736K [0x00000000eb300000, 0x00000000ec480000, 0x0000000100000000)
  eden space 16384K, 100% used [0x00000000eb300000,0x00000000ec300000,0x00000000ec300000)
  from space 512K, 68% used [0x00000000ec380000,0x00000000ec3d8000,0x00000000ec400000)
  to   space 512K, 0% used [0x00000000ec400000,0x00000000ec400000,0x00000000ec480000)
 ParOldGen       total 44032K, used 8271K [0x00000000c1800000, 0x00000000c4300000, 0x00000000eb300000)
  object space 44032K, 18% used [0x00000000c1800000,0x00000000c2013f30,0x00000000c4300000)
 Metaspace       used 7336K, capacity 7523K, committed 7680K, reserved 1056768K
  class space    used 679K, capacity 688K, committed 768K, reserved 1048576K
Event: 712.222 GC heap after
Heap after GC invocations=106 (full 0):
 PSYoungGen      total 16896K, used 320K [0x00000000eb300000, 0x00000000ec480000, 0x0000000100000000)
  eden space 16384K, 0% used [0x00000000eb300000,0x00000000eb300000,0x00000000ec300000)
  from space 512K, 62% used [0x00000000ec400000,0x00000000ec450000,0x00000000ec480000)
  to   space 512K, 0% used [0x00000000ec380000,0x00000000ec380000,0x00000000ec400000)
 ParOldGen       total 44032K, used 8335K [0x00000000c1800000, 0x00000000c4300000, 0x00000000eb300000)
  object space 44032K, 18% used [0x00000000c1800000,0x00000000c2023f30,0x00000000c4300000)
 Metaspace       used 7336K, capacity 7523K, committed 7680K, reserved 1056768K
  class space    used 679K, capacity 688K, committed 768K, reserved 1048576K
}
Event: 718.200 GC heap before
{Heap before GC invocations=107 (full 0):
 PSYoungGen      total 16896K, used 16704K [0x00000000eb300000, 0x00000000ec480000, 0x0000000100000000)
  eden space 16384K, 100% used [0x00000000eb300000,0x00000000ec300000,0x00000000ec300000)
  from space 512K, 62% used [0x00000000ec400000,0x00000000ec450000,0x00000000ec480000)
  to   space 512K, 0% used [0x00000000ec380000,0x00000000ec380000,0x00000000ec400000)
 ParOldGen       total 44032K, used 8335K [0x00000000c1800000, 0x00000000c4300000, 0x00000000eb300000)
  object space 44032K, 18% used [0x00000000c1800000,0x00000000c2023f30,0x00000000c4300000)
 Metaspace       used 7336K, capacity 7523K, committed 7680K, reserved 1056768K
  class space    used 679K, capacity 688K, committed 768K, reserved 1048576K
Event: 718.203 GC heap after
Heap after GC invocations=107 (full 0):
 PSYoungGen      total 16896K, used 352K [0x00000000eb300000, 0x00000000ec480000, 0x0000000100000000)
  eden space 16384K, 0% used [0x00000000eb300000,0x00000000eb300000,0x00000000ec300000)
  from space 512K, 68% used [0x00000000ec380000,0x00000000ec3d8000,0x00000000ec400000)
  to   space 512K, 0% used [0x00000000ec400000,0x00000000ec400000,0x00000000ec480000)
 ParOldGen       total 44032K, used 8391K [0x00000000c1800000, 0x00000000c4300000, 0x00000000eb300000)
  object space 44032K, 19% used [0x00000000c1800000,0x00000000c2031f30,0x00000000c4300000)
 Metaspace       used 7336K, capacity 7523K, committed 7680K, reserved 1056768K
  class space    used 679K, capacity 688K, committed 768K, reserved 1048576K
}
Event: 724.416 GC heap before
{Heap before GC invocations=108 (full 0):
 PSYoungGen      total 16896K, used 16736K [0x00000000eb300000, 0x00000000ec480000, 0x0000000100000000)
  eden space 16384K, 100% used [0x00000000eb300000,0x00000000ec300000,0x00000000ec300000)
  from space 512K, 68% used [0x00000000ec380000,0x00000000ec3d8000,0x00000000ec400000)
  to   space 512K, 0% used [0x00000000ec400000,0x00000000ec400000,0x00000000ec480000)
 ParOldGen       total 44032K, used 8391K [0x00000000c1800000, 0x00000000c4300000, 0x00000000eb300000)
  object space 44032K, 19% used [0x00000000c1800000,0x00000000c2031f30,0x00000000c4300000)
 Metaspace       used 7336K, capacity 7523K, committed 7680K, reserved 1056768K
  class space    used 679K, capacity 688K, committed 768K, reserved 1048576K
Event: 724.418 GC heap after
Heap after GC invocations=108 (full 0):
 PSYoungGen      total 16896K, used 384K [0x00000000eb300000, 0x00000000ec480000, 0x0000000100000000)
  eden space 16384K, 0% used [0x00000000eb300000,0x00000000eb300000,0x00000000ec300000)
  from space 512K, 75% used [0x00000000ec400000,0x00000000ec460000,0x00000000ec480000)
  to   space 512K, 0% used [0x00000000ec380000,0x00000000ec380000,0x00000000ec400000)
 ParOldGen       total 44032K, used 8447K [0x00000000c1800000, 0x00000000c4300000, 0x00000000eb300000)
  object space 44032K, 19% used [0x00000000c1800000,0x00000000c203ff30,0x00000000c4300000)
 Metaspace       used 7336K, capacity 7523K, committed 7680K, reserved 1056768K
  class space    used 679K, capacity 688K, committed 768K, reserved 1048576K
}

